2023-06-02 07:28:31,243 INFO o.h.v.i.u.Version [background-preinit] HV000001: Hibernate Validator 8.0.0.Final
2023-06-02 07:28:31,441 INFO c.a.a.AuthenticationApplication [main] Starting AuthenticationApplication using Java 17 with PID 30424 (D:\GUC\Semester 10\Scalable\Project\best_Buy_website\authenticationApp\target\classes started by Mohamed Eshiba in D:\GUC\Semester 10\Scalable\Project\best_Buy_website)
2023-06-02 07:28:31,451 INFO c.a.a.AuthenticationApplication [main] No active profile set, falling back to 1 default profile: "default"
2023-06-02 07:28:34,293 INFO o.s.d.r.c.RepositoryConfigurationDelegate [main] Multiple Spring Data modules found, entering strict repository configuration mode
2023-06-02 07:28:34,293 INFO o.s.d.r.c.RepositoryConfigurationDelegate [main] Bootstrapping Spring Data JPA repositories in DEFAULT mode.
2023-06-02 07:28:34,534 INFO o.s.d.r.c.RepositoryConfigurationDelegate [main] Finished Spring Data repository scanning in 223 ms. Found 1 JPA repository interfaces.
2023-06-02 07:28:34,597 INFO o.s.d.r.c.RepositoryConfigurationDelegate [main] Multiple Spring Data modules found, entering strict repository configuration mode
2023-06-02 07:28:34,597 INFO o.s.d.r.c.RepositoryConfigurationDelegate [main] Bootstrapping Spring Data Redis repositories in DEFAULT mode.
2023-06-02 07:28:34,659 INFO o.s.d.r.c.RepositoryConfigurationExtensionSupport [main] Spring Data Redis - Could not safely identify store assignment for repository candidate interface com.authenticationApp.authentication.repository.AuthenticationRepo; If you want this repository to be a Redis repository, consider annotating your entities with one of these annotations: org.springframework.data.redis.core.RedisHash (preferred), or consider extending one of the following types with your repository: org.springframework.data.keyvalue.repository.KeyValueRepository
2023-06-02 07:28:34,659 INFO o.s.d.r.c.RepositoryConfigurationDelegate [main] Finished Spring Data repository scanning in 16 ms. Found 0 Redis repository interfaces.
2023-06-02 07:28:36,215 INFO o.s.b.w.e.t.TomcatWebServer [main] Tomcat initialized with port(s): 8090 (http)
2023-06-02 07:28:36,233 INFO o.a.c.h.Http11NioProtocol [main] Initializing ProtocolHandler ["http-nio-8090"]
2023-06-02 07:28:36,233 INFO o.a.c.c.StandardService [main] Starting service [Tomcat]
2023-06-02 07:28:36,233 INFO o.a.c.c.StandardEngine [main] Starting Servlet engine: [Apache Tomcat/10.1.5]
2023-06-02 07:28:36,532 INFO o.a.c.c.C.[.[.[/] [main] Initializing Spring embedded WebApplicationContext
2023-06-02 07:28:36,532 INFO o.s.b.w.s.c.ServletWebServerApplicationContext [main] Root WebApplicationContext: initialization completed in 4876 ms
2023-06-02 07:28:36,831 INFO o.h.j.i.u.LogHelper [main] HHH000204: Processing PersistenceUnitInfo [name: default]
2023-06-02 07:28:36,941 INFO o.h.Version [main] HHH000412: Hibernate ORM core version 6.1.7.Final
2023-06-02 07:28:37,675 INFO c.z.h.HikariDataSource [main] HikariPool-1 - Starting...
2023-06-02 07:28:38,229 INFO c.z.h.p.HikariPool [main] HikariPool-1 - Added connection org.postgresql.jdbc.PgConnection@5e3d2765
2023-06-02 07:28:38,230 INFO c.z.h.HikariDataSource [main] HikariPool-1 - Start completed.
2023-06-02 07:28:38,363 INFO SQL dialect [main] HHH000400: Using dialect: org.hibernate.dialect.PostgreSQLDialect
2023-06-02 07:28:42,496 INFO o.h.e.t.j.p.i.JtaPlatformInitiator [main] HHH000490: Using JtaPlatform implementation: [org.hibernate.engine.transaction.jta.platform.internal.NoJtaPlatform]
2023-06-02 07:28:42,527 INFO o.s.o.j.LocalContainerEntityManagerFactoryBean [main] Initialized JPA EntityManagerFactory for persistence unit 'default'
2023-06-02 07:28:44,412 WARN o.s.b.a.o.j.JpaBaseConfiguration$JpaWebConfiguration [main] spring.jpa.open-in-view is enabled by default. Therefore, database queries may be performed during view rendering. Explicitly configure spring.jpa.open-in-view to disable this warning
2023-06-02 07:28:45,051 INFO o.s.s.w.DefaultSecurityFilterChain [main] Will secure any request with [org.springframework.security.web.session.DisableEncodeUrlFilter@16257f8c, org.springframework.security.web.context.request.async.WebAsyncManagerIntegrationFilter@62158618, org.springframework.security.web.context.SecurityContextHolderFilter@2e6f1f48, org.springframework.security.web.header.HeaderWriterFilter@3398ed12, org.springframework.security.web.authentication.logout.LogoutFilter@30a1b2ad, com.authenticationApp.authentication.config.JwtAuthenticationFilter@3bf40c74, org.springframework.security.web.savedrequest.RequestCacheAwareFilter@574413bd, org.springframework.security.web.servletapi.SecurityContextHolderAwareRequestFilter@38f3dbbf, org.springframework.security.web.authentication.AnonymousAuthenticationFilter@7c31e01f, org.springframework.security.web.session.SessionManagementFilter@33986be7, org.springframework.security.web.access.ExceptionTranslationFilter@19d3f4fb, org.springframework.security.web.access.intercept.AuthorizationFilter@a70daf4]
2023-06-02 07:28:46,371 WARN o.s.c.LocalVariableTableParameterNameDiscoverer [main] Using deprecated '-debug' fallback for parameter name resolution. Compile the affected code with '-parameters' instead or avoid its introspection: org.springframework.amqp.rabbit.core.RabbitAdmin
2023-06-02 07:28:46,466 INFO o.a.c.h.Http11NioProtocol [main] Starting ProtocolHandler ["http-nio-8090"]
2023-06-02 07:28:46,466 WARN o.s.b.w.s.c.AnnotationConfigServletWebServerApplicationContext [main] Exception encountered during context initialization - cancelling refresh attempt: org.springframework.context.ApplicationContextException: Failed to start bean 'webServerStartStop'
2023-06-02 07:28:46,623 INFO o.s.o.j.LocalContainerEntityManagerFactoryBean [main] Closing JPA EntityManagerFactory for persistence unit 'default'
2023-06-02 07:28:46,638 INFO c.z.h.HikariDataSource [main] HikariPool-1 - Shutdown initiated...
2023-06-02 07:28:46,638 INFO c.z.h.HikariDataSource [main] HikariPool-1 - Shutdown completed.
2023-06-02 07:28:46,654 INFO o.a.c.h.Http11NioProtocol [main] Pausing ProtocolHandler ["http-nio-8090"]
2023-06-02 07:28:46,654 INFO o.a.c.c.StandardService [main] Stopping service [Tomcat]
2023-06-02 07:28:46,685 INFO o.a.c.h.Http11NioProtocol [main] Stopping ProtocolHandler ["http-nio-8090"]
2023-06-02 07:28:46,685 INFO o.a.c.h.Http11NioProtocol [main] Destroying ProtocolHandler ["http-nio-8090"]
2023-06-02 07:28:46,717 INFO o.s.b.a.l.ConditionEvaluationReportLogger [main] 

Error starting ApplicationContext. To display the condition evaluation report re-run your application with 'debug' enabled.
2023-06-02 07:28:46,764 ERROR o.s.b.d.LoggingFailureAnalysisReporter [main] 

***************************
APPLICATION FAILED TO START
***************************

Description:

Web server failed to start. Port 8090 was already in use.

Action:

Identify and stop the process that's listening on port 8090 or configure this application to listen on another port.

